[29-Oct-2025 15:58:12 UTC] PHP Fatal error:  Uncaught mysqli_sql_exception: Unknown column 'username' in 'SELECT' in /home/u537364093/domains/kunetworks.com/public_html/ku_networks2/membershipdetail.php:48
Stack trace:
#0 /home/u537364093/domains/kunetworks.com/public_html/ku_networks2/membershipdetail.php(48): mysqli->prepare()
#1 {main}
  thrown in /home/u537364093/domains/kunetworks.com/public_html/ku_networks2/membershipdetail.php on line 48
[29-Oct-2025 15:58:29 UTC] PHP Fatal error:  Uncaught mysqli_sql_exception: Unknown column 'username' in 'SELECT' in /home/u537364093/domains/kunetworks.com/public_html/ku_networks2/membershipdetail.php:48
Stack trace:
#0 /home/u537364093/domains/kunetworks.com/public_html/ku_networks2/membershipdetail.php(48): mysqli->prepare()
#1 {main}
  thrown in /home/u537364093/domains/kunetworks.com/public_html/ku_networks2/membershipdetail.php on line 48
[29-Oct-2025 16:08:45 UTC] PHP Fatal error:  Uncaught mysqli_sql_exception: Unknown column 'username' in 'SELECT' in /home/u537364093/domains/kunetworks.com/public_html/ku_networks2/membershipdetail.php:48
Stack trace:
#0 /home/u537364093/domains/kunetworks.com/public_html/ku_networks2/membershipdetail.php(48): mysqli->prepare()
#1 {main}
  thrown in /home/u537364093/domains/kunetworks.com/public_html/ku_networks2/membershipdetail.php on line 48
[29-Oct-2025 16:08:46 UTC] PHP Fatal error:  Uncaught mysqli_sql_exception: Unknown column 'username' in 'SELECT' in /home/u537364093/domains/kunetworks.com/public_html/ku_networks2/membershipdetail.php:48
Stack trace:
#0 /home/u537364093/domains/kunetworks.com/public_html/ku_networks2/membershipdetail.php(48): mysqli->prepare()
#1 {main}
  thrown in /home/u537364093/domains/kunetworks.com/public_html/ku_networks2/membershipdetail.php on line 48
[29-Oct-2025 16:08:51 UTC] PHP Fatal error:  Uncaught mysqli_sql_exception: Unknown column 'username' in 'SELECT' in /home/u537364093/domains/kunetworks.com/public_html/ku_networks2/membershipdetail.php:48
Stack trace:
#0 /home/u537364093/domains/kunetworks.com/public_html/ku_networks2/membershipdetail.php(48): mysqli->prepare()
#1 {main}
  thrown in /home/u537364093/domains/kunetworks.com/public_html/ku_networks2/membershipdetail.php on line 48
[29-Oct-2025 16:08:57 UTC] PHP Fatal error:  Uncaught mysqli_sql_exception: Unknown column 'username' in 'SELECT' in /home/u537364093/domains/kunetworks.com/public_html/ku_networks2/membershipdetail.php:48
Stack trace:
#0 /home/u537364093/domains/kunetworks.com/public_html/ku_networks2/membershipdetail.php(48): mysqli->prepare()
#1 {main}
  thrown in /home/u537364093/domains/kunetworks.com/public_html/ku_networks2/membershipdetail.php on line 48
[29-Oct-2025 16:09:34 UTC] PHP Fatal error:  Uncaught mysqli_sql_exception: Unknown column 'username' in 'SELECT' in /home/u537364093/domains/kunetworks.com/public_html/ku_networks2/membershipdetail.php:48
Stack trace:
#0 /home/u537364093/domains/kunetworks.com/public_html/ku_networks2/membershipdetail.php(48): mysqli->prepare()
#1 {main}
  thrown in /home/u537364093/domains/kunetworks.com/public_html/ku_networks2/membershipdetail.php on line 48
[29-Oct-2025 16:09:36 UTC] PHP Fatal error:  Uncaught mysqli_sql_exception: Unknown column 'username' in 'SELECT' in /home/u537364093/domains/kunetworks.com/public_html/ku_networks2/membershipdetail.php:48
Stack trace:
#0 /home/u537364093/domains/kunetworks.com/public_html/ku_networks2/membershipdetail.php(48): mysqli->prepare()
#1 {main}
  thrown in /home/u537364093/domains/kunetworks.com/public_html/ku_networks2/membershipdetail.php on line 48
[29-Oct-2025 16:20:14 UTC] PHP Fatal error:  Uncaught mysqli_sql_exception: Unknown column 'username' in 'SELECT' in /home/u537364093/domains/kunetworks.com/public_html/ku_networks2/membershipdetail.php:48
Stack trace:
#0 /home/u537364093/domains/kunetworks.com/public_html/ku_networks2/membershipdetail.php(48): mysqli->prepare()
#1 {main}
  thrown in /home/u537364093/domains/kunetworks.com/public_html/ku_networks2/membershipdetail.php on line 48
[29-Oct-2025 16:20:20 UTC] PHP Fatal error:  Uncaught mysqli_sql_exception: Unknown column 'username' in 'SELECT' in /home/u537364093/domains/kunetworks.com/public_html/ku_networks2/membershipdetail.php:48
Stack trace:
#0 /home/u537364093/domains/kunetworks.com/public_html/ku_networks2/membershipdetail.php(48): mysqli->prepare()
#1 {main}
  thrown in /home/u537364093/domains/kunetworks.com/public_html/ku_networks2/membershipdetail.php on line 48
[29-Oct-2025 16:20:22 UTC] PHP Fatal error:  Uncaught mysqli_sql_exception: Unknown column 'username' in 'SELECT' in /home/u537364093/domains/kunetworks.com/public_html/ku_networks2/membershipdetail.php:48
Stack trace:
#0 /home/u537364093/domains/kunetworks.com/public_html/ku_networks2/membershipdetail.php(48): mysqli->prepare()
#1 {main}
  thrown in /home/u537364093/domains/kunetworks.com/public_html/ku_networks2/membershipdetail.php on line 48
[29-Oct-2025 16:20:29 UTC] PHP Fatal error:  Uncaught mysqli_sql_exception: Unknown column 'username' in 'SELECT' in /home/u537364093/domains/kunetworks.com/public_html/ku_networks2/membershipdetail.php:48
Stack trace:
#0 /home/u537364093/domains/kunetworks.com/public_html/ku_networks2/membershipdetail.php(48): mysqli->prepare()
#1 {main}
  thrown in /home/u537364093/domains/kunetworks.com/public_html/ku_networks2/membershipdetail.php on line 48
[29-Oct-2025 16:20:31 UTC] PHP Fatal error:  Uncaught mysqli_sql_exception: Unknown column 'username' in 'SELECT' in /home/u537364093/domains/kunetworks.com/public_html/ku_networks2/membershipdetail.php:48
Stack trace:
#0 /home/u537364093/domains/kunetworks.com/public_html/ku_networks2/membershipdetail.php(48): mysqli->prepare()
#1 {main}
  thrown in /home/u537364093/domains/kunetworks.com/public_html/ku_networks2/membershipdetail.php on line 48
[29-Oct-2025 16:21:58 UTC] PHP Fatal error:  Uncaught mysqli_sql_exception: Unknown column 'username' in 'SELECT' in /home/u537364093/domains/kunetworks.com/public_html/ku_networks2/membershipdetail.php:48
Stack trace:
#0 /home/u537364093/domains/kunetworks.com/public_html/ku_networks2/membershipdetail.php(48): mysqli->prepare()
#1 {main}
  thrown in /home/u537364093/domains/kunetworks.com/public_html/ku_networks2/membershipdetail.php on line 48
[29-Oct-2025 16:22:00 UTC] PHP Fatal error:  Uncaught mysqli_sql_exception: Unknown column 'username' in 'SELECT' in /home/u537364093/domains/kunetworks.com/public_html/ku_networks2/membershipdetail.php:48
Stack trace:
#0 /home/u537364093/domains/kunetworks.com/public_html/ku_networks2/membershipdetail.php(48): mysqli->prepare()
#1 {main}
  thrown in /home/u537364093/domains/kunetworks.com/public_html/ku_networks2/membershipdetail.php on line 48
