[27-Oct-2025 16:43:36 UTC] PHP Fatal error:  Uncaught mysqli_sql_exception: Unknown column 'current_level_id' in 'SELECT' in /home/u537364093/domains/kunetworks.com/public_html/ku_networks2/account.php:349
Stack trace:
#0 /home/u537364093/domains/kunetworks.com/public_html/ku_networks2/account.php(349): mysqli->prepare()
#1 {main}
  thrown in /home/u537364093/domains/kunetworks.com/public_html/ku_networks2/account.php on line 349
[27-Oct-2025 16:43:39 UTC] PHP Fatal error:  Uncaught mysqli_sql_exception: Unknown column 'current_level_id' in 'SELECT' in /home/u537364093/domains/kunetworks.com/public_html/ku_networks2/account.php:349
Stack trace:
#0 /home/u537364093/domains/kunetworks.com/public_html/ku_networks2/account.php(349): mysqli->prepare()
#1 {main}
  thrown in /home/u537364093/domains/kunetworks.com/public_html/ku_networks2/account.php on line 349
[27-Oct-2025 16:44:28 UTC] PHP Fatal error:  Uncaught mysqli_sql_exception: Unknown column 'current_level_id' in 'SELECT' in /home/u537364093/domains/kunetworks.com/public_html/ku_networks2/account.php:349
Stack trace:
#0 /home/u537364093/domains/kunetworks.com/public_html/ku_networks2/account.php(349): mysqli->prepare()
#1 {main}
  thrown in /home/u537364093/domains/kunetworks.com/public_html/ku_networks2/account.php on line 349
[27-Oct-2025 16:44:29 UTC] PHP Fatal error:  Uncaught mysqli_sql_exception: Unknown column 'current_level_id' in 'SELECT' in /home/u537364093/domains/kunetworks.com/public_html/ku_networks2/account.php:349
Stack trace:
#0 /home/u537364093/domains/kunetworks.com/public_html/ku_networks2/account.php(349): mysqli->prepare()
#1 {main}
  thrown in /home/u537364093/domains/kunetworks.com/public_html/ku_networks2/account.php on line 349
